# PostgreSQL-Notes

## Query Times
```SQL
EXPLAIN ANALYZE SELECT * FROM tbl where col1 = 1;
```
```SQL
Seq Scan on tbl  (cost=0.00..169247.80 rows=9584 width=8) (actual time=0.641..622.851 rows=10000 loops=1)
   Filter: (col1 = 1)
   Rows Removed by Filter: 9990000
 Planning time: 0.051 ms
 Execution time: 623.185 ms
(5 rows)
```
